[0912/095030.295:INFO:CONSOLE:1] "@navigation-loggers init", source: https://static-basket-02.wbbasket.ru/vol20/root-monorepo/latest/main.a47194a83092ca25.js (1)
[0912/095030.297:INFO:CONSOLE:1] "@request-proxies init", source: https://static-basket-02.wbbasket.ru/vol20/root-monorepo/latest/main.a47194a83092ca25.js (1)
[0912/095030.300:INFO:CONSOLE:1] "@analytics init done", source: https://static-basket-02.wbbasket.ru/vol20/root-monorepo/latest/vendor.7f2f9deac3bfc2ea.js (1)
[0912/095030.478:INFO:CONSOLE:1] "call window.gib.init", source: https://static-basket-02.wbbasket.ru/vol20/root-monorepo/latest/vendor.7f2f9deac3bfc2ea.js (1)
[0912/095030.498:ERROR:content\public\browser\web_contents_delegate.cc:300] WebContentsDelegate::CheckMediaAccessPermission: Not supported.
[0912/095030.498:ERROR:content\public\browser\web_contents_delegate.cc:300] WebContentsDelegate::CheckMediaAccessPermission: Not supported.
[0912/095030.544:INFO:CONSOLE:0] "[GroupMarkerNotSet(crbug.com/242999)!:A00029008C070000]Automatic fallback to software WebGL has been deprecated. Please use the --enable-unsafe-swiftshader (about:flags#enable-unsafe-swiftshader) flag to opt in to lower security guarantees for trusted content.", source: https://seller.wildberries.ru/ (0)
[0912/095030.573:INFO:CONSOLE:0] "[GroupMarkerNotSet(crbug.com/242999)!:A03029008C070000]Automatic fallback to software WebGL has been deprecated. Please use the --enable-unsafe-swiftshader (about:flags#enable-unsafe-swiftshader) flag to opt in to lower security guarantees for trusted content.", source: https://seller.wildberries.ru/ (0)
[0912/095030.576:INFO:CONSOLE:0] "[GroupMarkerNotSet(crbug.com/242999)!:A06029008C070000]Automatic fallback to software WebGL has been deprecated. Please use the --enable-unsafe-swiftshader (about:flags#enable-unsafe-swiftshader) flag to opt in to lower security guarantees for trusted content.", source: https://seller.wildberries.ru/ (0)
[0912/095030.578:INFO:CONSOLE:0] "[GroupMarkerNotSet(crbug.com/242999)!:A09029008C070000]Automatic fallback to software WebGL has been deprecated. Please use the --enable-unsafe-swiftshader (about:flags#enable-unsafe-swiftshader) flag to opt in to lower security guarantees for trusted content.", source: https://seller.wildberries.ru/ (0)
[0912/095030.615:INFO:CONSOLE:0] "[.WebGL-0x7c9c00672200]GL Driver Message (OpenGL, Performance, GL_CLOSE_PATH_NV, High): GPU stall due to ReadPixels", source: https://seller.wildberries.ru/ (0)
[0912/095030.916:INFO:CONSOLE:0] "Access to XMLHttpRequest at 'https://seller-services.wildberries.ru/sec/api/fl/idw-wb' from origin 'https://seller.wildberries.ru' has been blocked by CORS policy: Request header field accept is not allowed by Access-Control-Allow-Headers in preflight response.", source: https://seller.wildberries.ru/ (0)
[0912/095030.934:INFO:CONSOLE:0] "Access to fetch at 'https://seller-auth.wildberries.ru/auth/v2/auth/slide-v3' from origin 'https://seller.wildberries.ru' has been blocked by CORS policy: Request header field accept is not allowed by Access-Control-Allow-Headers in preflight response.", source: https://seller.wildberries.ru/ (0)
[0912/095030.935:INFO:CONSOLE:1] "(fetch-api): get error in the request https://seller-auth.wildberries.ru/auth/v2/auth/slide-v3", source: https://static-basket-02.wbbasket.ru/vol20/root-monorepo/latest/vendor.7f2f9deac3bfc2ea.js (1)
[0912/095030.935:INFO:CONSOLE:1] "Show error data", source: https://static-basket-02.wbbasket.ru/vol20/root-monorepo/latest/vendor.7f2f9deac3bfc2ea.js (1)
[0912/095030.935:INFO:CONSOLE:1] "(fetch-api): message: network-error", source: https://static-basket-02.wbbasket.ru/vol20/root-monorepo/latest/vendor.7f2f9deac3bfc2ea.js (1)
[0912/095030.935:INFO:CONSOLE:1] "(fetch-api): endpoint: https://seller-auth.wildberries.ru/auth/v2/auth/slide-v3", source: https://static-basket-02.wbbasket.ru/vol20/root-monorepo/latest/vendor.7f2f9deac3bfc2ea.js (1)
[0912/095030.935:INFO:CONSOLE:1] "(fetch-api): body params: undefined", source: https://static-basket-02.wbbasket.ru/vol20/root-monorepo/latest/vendor.7f2f9deac3bfc2ea.js (1)
[0912/095030.936:INFO:CONSOLE:1] "console.groupEnd", source: https://static-basket-02.wbbasket.ru/vol20/root-monorepo/latest/vendor.7f2f9deac3bfc2ea.js (1)
[0912/095030.936:INFO:CONSOLE:1] "no translateFunction is provided and it is not straight output", source: https://static-basket-02.wbbasket.ru/vol20/root-monorepo/latest/vendor.7f2f9deac3bfc2ea.js (1)
[0912/095030.936:INFO:CONSOLE:1] "Error", source: https://static-basket-02.wbbasket.ru/vol20/root-monorepo/latest/main.a47194a83092ca25.js (1)
[0912/095030.936:INFO:CONSOLE:1] "error in authViaV3:  Error", source: https://static-basket-02.wbbasket.ru/vol20/root-monorepo/latest/main.a47194a83092ca25.js (1)
[0912/095030.936:INFO:CONSOLE:1] "error when initialize ROOT:  ", source: https://static-basket-02.wbbasket.ru/vol20/root-monorepo/latest/main.a47194a83092ca25.js (1)
[0912/095031.112:INFO:CONSOLE:1] "%cRequest Cache Info get-cdn-config-request color: blue;padding:3px;", source: https://static-basket-02.wbbasket.ru/vol20/root-monorepo/latest/vendor.7f2f9deac3bfc2ea.js (1)
[0912/095031.113:INFO:CONSOLE:1] "%cCache Params: {"strategy":"StaleWhileRevalidate","disabledCache":false,"api-expires":1762833030375,"timestamp":1757649030375,"storageCacheName":"root__v1.56.1__requests-cache","requestCacheKey":"get-cdn-config-request"} color: blue;padding:3px;", source: https://static-basket-02.wbbasket.ru/vol20/root-monorepo/latest/vendor.7f2f9deac3bfc2ea.js (1)
[0912/095031.113:INFO:CONSOLE:1] "%cCache is matched: true color: green;padding:3px;", source: https://static-basket-02.wbbasket.ru/vol20/root-monorepo/latest/vendor.7f2f9deac3bfc2ea.js (1)
[0912/095031.113:INFO:CONSOLE:1] "%cCache is updated color: green;padding:3px;", source: https://static-basket-02.wbbasket.ru/vol20/root-monorepo/latest/vendor.7f2f9deac3bfc2ea.js (1)
[0912/095031.113:INFO:CONSOLE:1] "console.groupEnd", source: https://static-basket-02.wbbasket.ru/vol20/root-monorepo/latest/vendor.7f2f9deac3bfc2ea.js (1)
[0912/095031.688:INFO:CONSOLE:1] "@analytics init done", source: https://static-basket-02.wbbasket.ru/vol20/landing-about-portal-next-front/latest/_next/static/chunks/574-d31d48538af676f8.js (1)
