[0912/095029.965:INFO:CONSOLE:1] "@navigation-loggers init", source: https://static-basket-02.wbbasket.ru/vol20/root-monorepo/latest/main.a47194a83092ca25.js (1)
[0912/095029.967:INFO:CONSOLE:1] "@request-proxies init", source: https://static-basket-02.wbbasket.ru/vol20/root-monorepo/latest/main.a47194a83092ca25.js (1)
[0912/095029.970:INFO:CONSOLE:1] "@analytics init done", source: https://static-basket-02.wbbasket.ru/vol20/root-monorepo/latest/vendor.7f2f9deac3bfc2ea.js (1)
[0912/095030.265:INFO:CONSOLE:1] "call window.gib.init", source: https://static-basket-02.wbbasket.ru/vol20/root-monorepo/latest/vendor.7f2f9deac3bfc2ea.js (1)
[0912/095030.281:ERROR:content\public\browser\web_contents_delegate.cc:300] WebContentsDelegate::CheckMediaAccessPermission: Not supported.
[0912/095030.281:ERROR:content\public\browser\web_contents_delegate.cc:300] WebContentsDelegate::CheckMediaAccessPermission: Not supported.
[0912/095030.324:INFO:CONSOLE:0] "[GroupMarkerNotSet(crbug.com/242999)!:A00029008C400000]Automatic fallback to software WebGL has been deprecated. Please use the --enable-unsafe-swiftshader (about:flags#enable-unsafe-swiftshader) flag to opt in to lower security guarantees for trusted content.", source: https://seller.wildberries.ru/ (0)
[0912/095030.355:INFO:CONSOLE:0] "[GroupMarkerNotSet(crbug.com/242999)!:A03029008C400000]Automatic fallback to software WebGL has been deprecated. Please use the --enable-unsafe-swiftshader (about:flags#enable-unsafe-swiftshader) flag to opt in to lower security guarantees for trusted content.", source: https://seller.wildberries.ru/ (0)
[0912/095030.358:INFO:CONSOLE:0] "[GroupMarkerNotSet(crbug.com/242999)!:A06029008C400000]Automatic fallback to software WebGL has been deprecated. Please use the --enable-unsafe-swiftshader (about:flags#enable-unsafe-swiftshader) flag to opt in to lower security guarantees for trusted content.", source: https://seller.wildberries.ru/ (0)
[0912/095030.360:INFO:CONSOLE:0] "[GroupMarkerNotSet(crbug.com/242999)!:A09029008C400000]Automatic fallback to software WebGL has been deprecated. Please use the --enable-unsafe-swiftshader (about:flags#enable-unsafe-swiftshader) flag to opt in to lower security guarantees for trusted content.", source: https://seller.wildberries.ru/ (0)
[0912/095030.394:INFO:CONSOLE:0] "[.WebGL-0x7dd40485ff00]GL Driver Message (OpenGL, Performance, GL_CLOSE_PATH_NV, High): GPU stall due to ReadPixels", source: https://seller.wildberries.ru/ (0)
[0912/095030.395:INFO:CONSOLE:0] "Access to fetch at 'https://seller-auth.wildberries.ru/auth/v2/auth/slide-v3' from origin 'https://seller.wildberries.ru' has been blocked by CORS policy: Request header field accept is not allowed by Access-Control-Allow-Headers in preflight response.", source: https://seller.wildberries.ru/ (0)
[0912/095030.397:INFO:CONSOLE:1] "(fetch-api): get error in the request https://seller-auth.wildberries.ru/auth/v2/auth/slide-v3", source: https://static-basket-02.wbbasket.ru/vol20/root-monorepo/latest/vendor.7f2f9deac3bfc2ea.js (1)
[0912/095030.397:INFO:CONSOLE:1] "Show error data", source: https://static-basket-02.wbbasket.ru/vol20/root-monorepo/latest/vendor.7f2f9deac3bfc2ea.js (1)
[0912/095030.398:INFO:CONSOLE:1] "(fetch-api): message: network-error", source: https://static-basket-02.wbbasket.ru/vol20/root-monorepo/latest/vendor.7f2f9deac3bfc2ea.js (1)
[0912/095030.398:INFO:CONSOLE:1] "(fetch-api): endpoint: https://seller-auth.wildberries.ru/auth/v2/auth/slide-v3", source: https://static-basket-02.wbbasket.ru/vol20/root-monorepo/latest/vendor.7f2f9deac3bfc2ea.js (1)
[0912/095030.398:INFO:CONSOLE:1] "(fetch-api): body params: undefined", source: https://static-basket-02.wbbasket.ru/vol20/root-monorepo/latest/vendor.7f2f9deac3bfc2ea.js (1)
[0912/095030.398:INFO:CONSOLE:1] "console.groupEnd", source: https://static-basket-02.wbbasket.ru/vol20/root-monorepo/latest/vendor.7f2f9deac3bfc2ea.js (1)
[0912/095030.398:INFO:CONSOLE:1] "no translateFunction is provided and it is not straight output", source: https://static-basket-02.wbbasket.ru/vol20/root-monorepo/latest/vendor.7f2f9deac3bfc2ea.js (1)
[0912/095030.398:INFO:CONSOLE:1] "Error", source: https://static-basket-02.wbbasket.ru/vol20/root-monorepo/latest/main.a47194a83092ca25.js (1)
[0912/095030.399:INFO:CONSOLE:1] "error in authViaV3:  Error", source: https://static-basket-02.wbbasket.ru/vol20/root-monorepo/latest/main.a47194a83092ca25.js (1)
[0912/095030.399:INFO:CONSOLE:1] "error when initialize ROOT:  ", source: https://static-basket-02.wbbasket.ru/vol20/root-monorepo/latest/main.a47194a83092ca25.js (1)
[0912/095030.705:INFO:CONSOLE:1] "%cRequest Cache Info get-cdn-config-request color: blue;padding:3px;", source: https://static-basket-02.wbbasket.ru/vol20/root-monorepo/latest/vendor.7f2f9deac3bfc2ea.js (1)
[0912/095030.705:INFO:CONSOLE:1] "%cCache Params: {"strategy":"StaleWhileRevalidate","disabledCache":false,"api-expires":1762833029987,"timestamp":1757649029987,"storageCacheName":"root__v1.56.1__requests-cache","requestCacheKey":"get-cdn-config-request"} color: blue;padding:3px;", source: https://static-basket-02.wbbasket.ru/vol20/root-monorepo/latest/vendor.7f2f9deac3bfc2ea.js (1)
[0912/095030.705:INFO:CONSOLE:1] "%cCache is matched: true color: green;padding:3px;", source: https://static-basket-02.wbbasket.ru/vol20/root-monorepo/latest/vendor.7f2f9deac3bfc2ea.js (1)
[0912/095030.705:INFO:CONSOLE:1] "%cCache is updated color: green;padding:3px;", source: https://static-basket-02.wbbasket.ru/vol20/root-monorepo/latest/vendor.7f2f9deac3bfc2ea.js (1)
[0912/095030.705:INFO:CONSOLE:1] "console.groupEnd", source: https://static-basket-02.wbbasket.ru/vol20/root-monorepo/latest/vendor.7f2f9deac3bfc2ea.js (1)
[0912/095030.709:INFO:CONSOLE:0] "Access to XMLHttpRequest at 'https://seller-services.wildberries.ru/sec/api/fl/idw-wb' from origin 'https://seller.wildberries.ru' has been blocked by CORS policy: Request header field accept is not allowed by Access-Control-Allow-Headers in preflight response.", source: https://seller.wildberries.ru/ (0)
[0912/095031.373:INFO:CONSOLE:1] "@analytics init done", source: https://static-basket-02.wbbasket.ru/vol20/landing-about-portal-next-front/latest/_next/static/chunks/574-d31d48538af676f8.js (1)
