[0909/151749.587:INFO:CONSOLE:1] "@navigation-loggers init", source: https://static-basket-02.wbbasket.ru/vol20/root-monorepo/latest/main.ae1ab2131a331a51.js (1)
[0909/151749.589:INFO:CONSOLE:1] "@request-proxies init", source: https://static-basket-02.wbbasket.ru/vol20/root-monorepo/latest/main.ae1ab2131a331a51.js (1)
[0909/151749.590:INFO:CONSOLE:1] "@analytics init done", source: https://static-basket-02.wbbasket.ru/vol20/root-monorepo/latest/vendor.442a8d40ff9a20ca.js (1)
[0909/151749.844:INFO:CONSOLE:1] "call window.gib.init", source: https://static-basket-02.wbbasket.ru/vol20/root-monorepo/latest/vendor.442a8d40ff9a20ca.js (1)
[0909/151749.853:ERROR:content\public\browser\web_contents_delegate.cc:300] WebContentsDelegate::CheckMediaAccessPermission: Not supported.
[0909/151749.853:ERROR:content\public\browser\web_contents_delegate.cc:300] WebContentsDelegate::CheckMediaAccessPermission: Not supported.
[0909/151749.876:INFO:CONSOLE:0] "[GroupMarkerNotSet(crbug.com/242999)!:A0402800E40A0000]Automatic fallback to software WebGL has been deprecated. Please use the --enable-unsafe-swiftshader (about:flags#enable-unsafe-swiftshader) flag to opt in to lower security guarantees for trusted content.", source: https://seller.wildberries.ru/ (0)
[0909/151749.891:INFO:CONSOLE:0] "[GroupMarkerNotSet(crbug.com/242999)!:A0702800E40A0000]Automatic fallback to software WebGL has been deprecated. Please use the --enable-unsafe-swiftshader (about:flags#enable-unsafe-swiftshader) flag to opt in to lower security guarantees for trusted content.", source: https://seller.wildberries.ru/ (0)
[0909/151749.893:INFO:CONSOLE:0] "[GroupMarkerNotSet(crbug.com/242999)!:A0A02800E40A0000]Automatic fallback to software WebGL has been deprecated. Please use the --enable-unsafe-swiftshader (about:flags#enable-unsafe-swiftshader) flag to opt in to lower security guarantees for trusted content.", source: https://seller.wildberries.ru/ (0)
[0909/151749.894:INFO:CONSOLE:0] "[GroupMarkerNotSet(crbug.com/242999)!:A0D02800E40A0000]Automatic fallback to software WebGL has been deprecated. Please use the --enable-unsafe-swiftshader (about:flags#enable-unsafe-swiftshader) flag to opt in to lower security guarantees for trusted content.", source: https://seller.wildberries.ru/ (0)
[0909/151749.895:INFO:CONSOLE:0] "[.WebGL-0x2c0c03eca300]GL Driver Message (OpenGL, Performance, GL_CLOSE_PATH_NV, High): GPU stall due to ReadPixels", source: https://seller.wildberries.ru/ (0)
[0909/151750.163:INFO:CONSOLE:7] "@layout/offerta-state reducer was injected in the root reducer earlier", source: https://static-basket-02.wbbasket.ru/vol20/root-monorepo/latest/vendor.442a8d40ff9a20ca.js (7)
[0909/151750.163:INFO:CONSOLE:1] "%cБудьте осторожны 
Данная консоль может быть использована злоумышленниками для получения ваших персональных данных color: white;background:#3a0078;font-size: 25px;padding:10px;line-height: 40px;", source: https://static-basket-02.wbbasket.ru/vol20/root-monorepo/latest/432.f65ac028d13363c2.js (1)
[0909/151750.254:INFO:CONSOLE:1] "[fetchProductsWorkerSaga]: menuFromFileRequest true", source: https://static-basket-02.wbbasket.ru/vol20/root-monorepo/latest/vendor.442a8d40ff9a20ca.js (1)
[0909/151750.255:INFO:CONSOLE:1] "[fetchProductsWorkerSaga]: menuItems [object Object],[object Object],[object Object],[object Object],[object Object],[object Object],[object Object],[object Object],[object Object],[object Object],[object Object],[object Object],[object Object],[object Object],[object Object],[object Object],[object Object],[object Object],[object Object],[object Object],[object Object],[object Object],[object Object],[object Object],[object Object],[object Object],[object Object],[object Object],[object Object],[object Object],[object Object],[object Object],[object Object],[object Object],[object Object],[object Object],[object Object],[object Object],[object Object],[object Object],[object Object],[object Object],[object Object],[object Object],[object Object],[object Object],[object Object],[object Object],[object Object],[object Object],[object Object],[object Object],[object Object],[object Object],[object Object],[object Object],[object Object],[object Object],[object Object],[object Object],[object Object],[object Object],[object Object],[object Object],[object Object],[object Object],[object Object],[object Object],[object Object],[object Object],[object Object],[object Object],[object Object],[object Object],[object Object]", source: https://static-basket-02.wbbasket.ru/vol20/root-monorepo/latest/vendor.442a8d40ff9a20ca.js (1)
[0909/151750.255:INFO:CONSOLE:1] "[fetchProductsWorkerSaga]: defaultShown true", source: https://static-basket-02.wbbasket.ru/vol20/root-monorepo/latest/vendor.442a8d40ff9a20ca.js (1)
[0909/151750.255:INFO:CONSOLE:1] "[fetchProductsWorkerSaga]: mergedMenuItems [object Object],[object Object],[object Object],[object Object],[object Object],[object Object],[object Object],[object Object],[object Object],[object Object],[object Object],[object Object],[object Object],[object Object],[object Object],[object Object],[object Object],[object Object],[object Object],[object Object],[object Object],[object Object],[object Object],[object Object],[object Object],[object Object],[object Object],[object Object],[object Object],[object Object],[object Object],[object Object],[object Object],[object Object],[object Object],[object Object],[object Object],[object Object],[object Object],[object Object],[object Object],[object Object],[object Object],[object Object],[object Object],[object Object],[object Object]", source: https://static-basket-02.wbbasket.ru/vol20/root-monorepo/latest/vendor.442a8d40ff9a20ca.js (1)
[0909/151750.255:INFO:CONSOLE:1] "[fetchProductsWorkerSaga]: flattenMenuProductsList [object Object],[object Object],[object Object],[object Object],[object Object],[object Object],[object Object],[object Object],[object Object],[object Object],[object Object],[object Object],[object Object],[object Object],[object Object],[object Object],[object Object],[object Object],[object Object],[object Object],[object Object],[object Object],[object Object],[object Object],[object Object],[object Object],[object Object],[object Object],[object Object],[object Object],[object Object],[object Object],[object Object],[object Object],[object Object],[object Object],[object Object],[object Object],[object Object],[object Object],[object Object],[object Object],[object Object],[object Object],[object Object],[object Object],[object Object],[object Object],[object Object],[object Object],[object Object],[object Object],[object Object],[object Object],[object Object],[object Object],[object Object],[object Object],[object Object],[object Object],[object Object],[object Object],[object Object],[object Object],[object Object],[object Object],[object Object],[object Object],[object Object],[object Object],[object Object],[object Object],[object Object],[object Object],[object Object],[object Object],[object Object],[object Object],[object Object],[object Object],[object Object],[object Object],[object Object],[object Object],[object Object],[object Object],[object Object],[object Object],[object Object],[object Object],[object Object],[object Object],[object Object],[object Object],[object Object],[object Object],[object Object],[object Object],[object Object],[object Object],[object Object],[object Object],[object Object],[object Object],[object Object],[object Object],[object Object],[object Object],[object Object],[object Object],[object Object],[object Object],[object Object],[object Object],[object Object],[object Object],[object Object],[object Object],[object Object]", source: https://static-basket-02.wbbasket.ru/vol20/root-monorepo/latest/vendor.442a8d40ff9a20ca.js (1)
[0909/151750.255:INFO:CONSOLE:1] "[fetchProductsWorkerSaga]: currentRoute [object Object]", source: https://static-basket-02.wbbasket.ru/vol20/root-monorepo/latest/vendor.442a8d40ff9a20ca.js (1)
[0909/151750.256:INFO:CONSOLE:1] "[fetchProductsWorkerSaga]: additionalRoutes [object Object],[object Object],[object Object],[object Object]", source: https://static-basket-02.wbbasket.ru/vol20/root-monorepo/latest/vendor.442a8d40ff9a20ca.js (1)
[0909/151750.256:INFO:CONSOLE:1] "[fetchProductsWorkerSaga]: isRouteExcluded false", source: https://static-basket-02.wbbasket.ru/vol20/root-monorepo/latest/vendor.442a8d40ff9a20ca.js (1)
[0909/151750.256:INFO:CONSOLE:1] "[fetchProductsWorkerSaga]: filteredFlattenMenuList [object Object],[object Object],[object Object],[object Object]", source: https://static-basket-02.wbbasket.ru/vol20/root-monorepo/latest/vendor.442a8d40ff9a20ca.js (1)
[0909/151750.363:INFO:CONSOLE:1] "%cRequest Cache Info get-cdn-config-request color: blue;padding:3px;", source: https://static-basket-02.wbbasket.ru/vol20/root-monorepo/latest/vendor.442a8d40ff9a20ca.js (1)
[0909/151750.363:INFO:CONSOLE:1] "%cCache Params: {"strategy":"StaleWhileRevalidate","disabledCache":false,"api-expires":1762593469622,"timestamp":1757409469622,"storageCacheName":"root__v1.55.1__requests-cache","requestCacheKey":"get-cdn-config-request"} color: blue;padding:3px;", source: https://static-basket-02.wbbasket.ru/vol20/root-monorepo/latest/vendor.442a8d40ff9a20ca.js (1)
[0909/151750.363:INFO:CONSOLE:1] "%cCache is matched: true color: green;padding:3px;", source: https://static-basket-02.wbbasket.ru/vol20/root-monorepo/latest/vendor.442a8d40ff9a20ca.js (1)
[0909/151750.363:INFO:CONSOLE:1] "%cCache is updated color: green;padding:3px;", source: https://static-basket-02.wbbasket.ru/vol20/root-monorepo/latest/vendor.442a8d40ff9a20ca.js (1)
[0909/151750.363:INFO:CONSOLE:1] "console.groupEnd", source: https://static-basket-02.wbbasket.ru/vol20/root-monorepo/latest/vendor.442a8d40ff9a20ca.js (1)
[0909/151750.365:INFO:CONSOLE:0] "Access to XMLHttpRequest at 'https://seller-services.wildberries.ru/sec/api/fl/idw-wb' from origin 'https://seller.wildberries.ru' has been blocked by CORS policy: Request header field accept is not allowed by Access-Control-Allow-Headers in preflight response.", source: https://seller.wildberries.ru/ (0)
[0909/151750.406:INFO:CONSOLE:1] "%cRequest Cache Info get-abac-features-request-3dfdcc1b-79d9-4926-bb3f-1a570b09488a-120235393 color: blue;padding:3px;", source: https://static-basket-02.wbbasket.ru/vol20/root-monorepo/latest/vendor.442a8d40ff9a20ca.js (1)
[0909/151750.406:INFO:CONSOLE:1] "%cCache Params: {"strategy":"StaleWhileRevalidate","disabledCache":false,"api-expires":1762593470116,"timestamp":1757409470116,"storageCacheName":"root__v1.55.1__requests-cache","requestCacheKey":"get-abac-features-request-3dfdcc1b-79d9-4926-bb3f-1a570b09488a-120235393"} color: blue;padding:3px;", source: https://static-basket-02.wbbasket.ru/vol20/root-monorepo/latest/vendor.442a8d40ff9a20ca.js (1)
[0909/151750.406:INFO:CONSOLE:1] "%cCache is matched: true color: green;padding:3px;", source: https://static-basket-02.wbbasket.ru/vol20/root-monorepo/latest/vendor.442a8d40ff9a20ca.js (1)
[0909/151750.406:INFO:CONSOLE:1] "%cCache is updated color: green;padding:3px;", source: https://static-basket-02.wbbasket.ru/vol20/root-monorepo/latest/vendor.442a8d40ff9a20ca.js (1)
[0909/151750.406:INFO:CONSOLE:1] "console.groupEnd", source: https://static-basket-02.wbbasket.ru/vol20/root-monorepo/latest/vendor.442a8d40ff9a20ca.js (1)
[0909/151750.459:INFO:CONSOLE:1] "%cRequest Cache Info abac-permissions-data-cache-key-3dfdcc1b-79d9-4926-bb3f-1a570b09488a-120235393 color: blue;padding:3px;", source: https://static-basket-02.wbbasket.ru/vol20/root-monorepo/latest/vendor.442a8d40ff9a20ca.js (1)
[0909/151750.459:INFO:CONSOLE:1] "%cCache Params: {"strategy":"StaleWhileRevalidate","disabledCache":false,"api-expires":1762593470116,"timestamp":1757409470116,"storageCacheName":"root__v1.55.1__requests-cache","requestCacheKey":"abac-permissions-data-cache-key-3dfdcc1b-79d9-4926-bb3f-1a570b09488a-120235393"} color: blue;padding:3px;", source: https://static-basket-02.wbbasket.ru/vol20/root-monorepo/latest/vendor.442a8d40ff9a20ca.js (1)
[0909/151750.459:INFO:CONSOLE:1] "%cCache is matched: true color: green;padding:3px;", source: https://static-basket-02.wbbasket.ru/vol20/root-monorepo/latest/vendor.442a8d40ff9a20ca.js (1)
[0909/151750.459:INFO:CONSOLE:1] "%cCache is updated color: green;padding:3px;", source: https://static-basket-02.wbbasket.ru/vol20/root-monorepo/latest/vendor.442a8d40ff9a20ca.js (1)
[0909/151750.459:INFO:CONSOLE:1] "console.groupEnd", source: https://static-basket-02.wbbasket.ru/vol20/root-monorepo/latest/vendor.442a8d40ff9a20ca.js (1)
[0909/151750.494:INFO:CONSOLE:1] "%cRequest Cache Info get-suppliers-request-120235393 color: blue;padding:3px;", source: https://static-basket-02.wbbasket.ru/vol20/root-monorepo/latest/vendor.442a8d40ff9a20ca.js (1)
[0909/151750.494:INFO:CONSOLE:1] "%cCache Params: {"strategy":"StaleWhileRevalidate","disabledCache":false,"api-expires":1762593470240,"timestamp":1757409470240,"storageCacheName":"layout__v1.55.1__requests-cache","requestCacheKey":"get-suppliers-request-120235393"} color: blue;padding:3px;", source: https://static-basket-02.wbbasket.ru/vol20/root-monorepo/latest/vendor.442a8d40ff9a20ca.js (1)
[0909/151750.494:INFO:CONSOLE:1] "%cCache is matched: true color: green;padding:3px;", source: https://static-basket-02.wbbasket.ru/vol20/root-monorepo/latest/vendor.442a8d40ff9a20ca.js (1)
[0909/151750.494:INFO:CONSOLE:1] "%cCache is updated color: green;padding:3px;", source: https://static-basket-02.wbbasket.ru/vol20/root-monorepo/latest/vendor.442a8d40ff9a20ca.js (1)
[0909/151750.494:INFO:CONSOLE:1] "console.groupEnd", source: https://static-basket-02.wbbasket.ru/vol20/root-monorepo/latest/vendor.442a8d40ff9a20ca.js (1)
[0909/151750.691:INFO:CONSOLE:1] "[fetchProductsWorkerSaga]: injectedProducts [object Object],[object Object],[object Object],[object Object]", source: https://static-basket-02.wbbasket.ru/vol20/root-monorepo/latest/vendor.442a8d40ff9a20ca.js (1)
[0909/151750.692:INFO:CONSOLE:1] "[fetchProductsWorkerSaga]: completeMenuConfig [object Object],[object Object],[object Object],[object Object],[object Object],[object Object],[object Object],[object Object],[object Object],[object Object],[object Object],[object Object],[object Object],[object Object],[object Object],[object Object],[object Object],[object Object],[object Object],[object Object],[object Object],[object Object],[object Object],[object Object],[object Object],[object Object],[object Object],[object Object],[object Object],[object Object]", source: https://static-basket-02.wbbasket.ru/vol20/root-monorepo/latest/vendor.442a8d40ff9a20ca.js (1)
[0909/151750.692:INFO:CONSOLE:1] "[fetchProductsWorkerSaga]: updatedFullFlattenedMenu [object Object],[object Object],[object Object],[object Object],[object Object],[object Object],[object Object],[object Object],[object Object],[object Object],[object Object],[object Object],[object Object],[object Object],[object Object],[object Object],[object Object],[object Object],[object Object],[object Object],[object Object],[object Object],[object Object],[object Object],[object Object],[object Object],[object Object],[object Object],[object Object],[object Object],[object Object],[object Object],[object Object],[object Object],[object Object],[object Object],[object Object],[object Object],[object Object],[object Object],[object Object],[object Object],[object Object],[object Object],[object Object],[object Object],[object Object],[object Object],[object Object],[object Object],[object Object],[object Object],[object Object],[object Object],[object Object],[object Object],[object Object],[object Object],[object Object],[object Object],[object Object],[object Object],[object Object],[object Object],[object Object],[object Object],[object Object],[object Object],[object Object],[object Object],[object Object],[object Object],[object Object],[object Object],[object Object],[object Object],[object Object],[object Object],[object Object],[object Object],[object Object],[object Object],[object Object],[object Object],[object Object],[object Object],[object Object],[object Object],[object Object],[object Object],[object Object],[object Object],[object Object],[object Object],[object Object],[object Object],[object Object],[object Object],[object Object],[object Object],[object Object],[object Object],[object Object],[object Object],[object Object],[object Object],[object Object],[object Object],[object Object],[object Object],[object Object],[object Object],[object Object],[object Object],[object Object],[object Object],[object Object],[object Object],[object Object]", source: https://static-basket-02.wbbasket.ru/vol20/root-monorepo/latest/vendor.442a8d40ff9a20ca.js (1)
[0909/151750.692:INFO:CONSOLE:1] "[fetchProductsWorkerSaga]: routesWithoutConfig ", source: https://static-basket-02.wbbasket.ru/vol20/root-monorepo/latest/vendor.442a8d40ff9a20ca.js (1)
[0909/151750.731:INFO:CONSOLE:1] "%cRequest Cache Info get-menu-file-request-3dfdcc1b-79d9-4926-bb3f-1a570b09488a-120235393 color: blue;padding:3px;", source: https://static-basket-02.wbbasket.ru/vol20/root-monorepo/latest/vendor.442a8d40ff9a20ca.js (1)
[0909/151750.731:INFO:CONSOLE:1] "%cCache Params: {"strategy":"StaleWhileRevalidate","disabledCache":false,"api-expires":1762593470133,"timestamp":1757409470133,"storageCacheName":"root__v1.55.1__requests-cache","requestCacheKey":"get-menu-file-request-3dfdcc1b-79d9-4926-bb3f-1a570b09488a-120235393"} color: blue;padding:3px;", source: https://static-basket-02.wbbasket.ru/vol20/root-monorepo/latest/vendor.442a8d40ff9a20ca.js (1)
[0909/151750.731:INFO:CONSOLE:1] "%cCache is matched: true color: green;padding:3px;", source: https://static-basket-02.wbbasket.ru/vol20/root-monorepo/latest/vendor.442a8d40ff9a20ca.js (1)
[0909/151750.731:INFO:CONSOLE:1] "%cCache is updated color: green;padding:3px;", source: https://static-basket-02.wbbasket.ru/vol20/root-monorepo/latest/vendor.442a8d40ff9a20ca.js (1)
[0909/151750.731:INFO:CONSOLE:1] "console.groupEnd", source: https://static-basket-02.wbbasket.ru/vol20/root-monorepo/latest/vendor.442a8d40ff9a20ca.js (1)
[0909/151751.394:INFO:CONSOLE:1] "[@wildberries/layout]: catch event [object Object]", source: https://static-basket-02.wbbasket.ru/vol20/root-monorepo/latest/432.f65ac028d13363c2.js (1)
[0909/151751.527:INFO:CONSOLE:0] "Access to XMLHttpRequest at 'https://seller-services.wildberries.ru/sec/api/fl?u=b5d2d550-f02a-11ee-84a1-b22d46000000&cfidsw-wb=vebcEA4N5EPOSbrKkFBYtF8saUGwA7iNMnBVVqus%2B2LVTGVv0VE4av3OsMqrbqL3LBfhcN3Ji%2BIJhfG9FGocml9EDbT1HqExk09vhIGH4YNWCCuG1GaY8sIiAyrAz6XECW3Ps3ulZdp14aAAArSpks%2BdwXxaEi9Do1bdNA%3D%3D' from origin 'https://seller.wildberries.ru' has been blocked by CORS policy: Request header field accept is not allowed by Access-Control-Allow-Headers in preflight response.", source: https://seller.wildberries.ru/ (0)
[0909/151751.709:INFO:CONSOLE:1] "%cRequest Cache Info get-abac-permissions-request-3dfdcc1b-79d9-4926-bb3f-1a570b09488a-120235393-/?workloadWarehouse color: blue;padding:3px;", source: https://static-basket-02.wbbasket.ru/vol20/root-monorepo/latest/vendor.442a8d40ff9a20ca.js (1)
[0909/151751.709:INFO:CONSOLE:1] "%cCache Params: {"strategy":"NetworkFirst","disabledCache":false,"api-expires":1762593471420,"timestamp":1757409471420,"storageCacheName":"root__v1.55.1__requests-cache","requestCacheKey":"get-abac-permissions-request-3dfdcc1b-79d9-4926-bb3f-1a570b09488a-120235393-/?workloadWarehouse"} color: blue;padding:3px;", source: https://static-basket-02.wbbasket.ru/vol20/root-monorepo/latest/vendor.442a8d40ff9a20ca.js (1)
[0909/151751.709:INFO:CONSOLE:1] "%cCache is matched: true color: green;padding:3px;", source: https://static-basket-02.wbbasket.ru/vol20/root-monorepo/latest/vendor.442a8d40ff9a20ca.js (1)
[0909/151751.709:INFO:CONSOLE:1] "%cCache is updated color: green;padding:3px;", source: https://static-basket-02.wbbasket.ru/vol20/root-monorepo/latest/vendor.442a8d40ff9a20ca.js (1)
[0909/151751.709:INFO:CONSOLE:1] "console.groupEnd", source: https://static-basket-02.wbbasket.ru/vol20/root-monorepo/latest/vendor.442a8d40ff9a20ca.js (1)
[0909/151751.721:INFO:CONSOLE:1] "[Analytics: additional parameters getter performance]: 0.277099609375 ms", source: https://static-basket-02.wbbasket.ru/vol20/root-monorepo/latest/vendor.442a8d40ff9a20ca.js (1)
[0909/151751.721:INFO:CONSOLE:1] "[Analytics: additional parameters getter called times]: 1", source: https://static-basket-02.wbbasket.ru/vol20/root-monorepo/latest/vendor.442a8d40ff9a20ca.js (1)
[0909/151751.726:INFO:CONSOLE:1] "[@wildberries/layout]: needToReloadOfCoreFeature [object Object]", source: https://static-basket-02.wbbasket.ru/vol20/root-monorepo/latest/432.f65ac028d13363c2.js (1)
[0909/151751.739:INFO:CONSOLE:1] "[Analytics: additional parameters getter performance]: 0.131103515625 ms", source: https://static-basket-02.wbbasket.ru/vol20/root-monorepo/latest/vendor.442a8d40ff9a20ca.js (1)
[0909/151751.739:INFO:CONSOLE:1] "[Analytics: additional parameters getter called times]: 2", source: https://static-basket-02.wbbasket.ru/vol20/root-monorepo/latest/vendor.442a8d40ff9a20ca.js (1)
[0909/151751.787:INFO:CONSOLE:1] "[Analytics: additional parameters getter performance]: 0.10595703125 ms", source: https://static-basket-02.wbbasket.ru/vol20/root-monorepo/latest/vendor.442a8d40ff9a20ca.js (1)
[0909/151751.788:INFO:CONSOLE:1] "[Analytics: additional parameters getter called times]: 3", source: https://static-basket-02.wbbasket.ru/vol20/root-monorepo/latest/vendor.442a8d40ff9a20ca.js (1)
[0909/151751.791:INFO:CONSOLE:1] "QUIZ:trigger:subscribe:quiz-events-open-modal", source: https://static-basket-02.wbbasket.ru/vol20/root-monorepo/latest/vendor.442a8d40ff9a20ca.js (1)
[0909/151751.791:INFO:CONSOLE:1] "QUIZ:trigger:subscribe:quiz-events-close-modal", source: https://static-basket-02.wbbasket.ru/vol20/root-monorepo/latest/vendor.442a8d40ff9a20ca.js (1)
[0909/151751.833:INFO:CONSOLE:1] "[Analytics: additional parameters getter performance]: 0.10693359375 ms", source: https://static-basket-02.wbbasket.ru/vol20/root-monorepo/latest/vendor.442a8d40ff9a20ca.js (1)
[0909/151751.833:INFO:CONSOLE:1] "[Analytics: additional parameters getter called times]: 4", source: https://static-basket-02.wbbasket.ru/vol20/root-monorepo/latest/vendor.442a8d40ff9a20ca.js (1)
[0909/151751.834:INFO:CONSOLE:1] "[Analytics: additional parameters getter performance]: 0.108154296875 ms", source: https://static-basket-02.wbbasket.ru/vol20/root-monorepo/latest/vendor.442a8d40ff9a20ca.js (1)
[0909/151751.834:INFO:CONSOLE:1] "[Analytics: additional parameters getter called times]: 5", source: https://static-basket-02.wbbasket.ru/vol20/root-monorepo/latest/vendor.442a8d40ff9a20ca.js (1)
[0909/151751.848:INFO:CONSOLE:1] "[Analytics: additional parameters getter performance]: 0.161865234375 ms", source: https://static-basket-02.wbbasket.ru/vol20/root-monorepo/latest/vendor.442a8d40ff9a20ca.js (1)
[0909/151751.850:INFO:CONSOLE:1] "[Analytics: additional parameters getter called times]: 6", source: https://static-basket-02.wbbasket.ru/vol20/root-monorepo/latest/vendor.442a8d40ff9a20ca.js (1)
[0909/151751.852:INFO:CONSOLE:0] "Access to fetch at 'https://seller-callcenter.wildberries.ru/ns/suppliers-communication-api/callcenter/public/v3/badge/count' from origin 'https://seller.wildberries.ru' has been blocked by CORS policy: Request header field accept is not allowed by Access-Control-Allow-Headers in preflight response.", source: https://seller.wildberries.ru/ (0)
[0909/151751.852:INFO:CONSOLE:1] "(fetch-api): get error in the request https://seller-callcenter.wildberries.ru/ns/suppliers-communication-api/callcenter/public/v3/badge/count", source: https://static-basket-02.wbbasket.ru/vol20/root-monorepo/latest/vendor.442a8d40ff9a20ca.js (1)
[0909/151751.853:INFO:CONSOLE:1] "Show error data", source: https://static-basket-02.wbbasket.ru/vol20/root-monorepo/latest/vendor.442a8d40ff9a20ca.js (1)
[0909/151751.853:INFO:CONSOLE:1] "(fetch-api): message: network-error", source: https://static-basket-02.wbbasket.ru/vol20/root-monorepo/latest/vendor.442a8d40ff9a20ca.js (1)
[0909/151751.853:INFO:CONSOLE:1] "(fetch-api): endpoint: https://seller-callcenter.wildberries.ru/ns/suppliers-communication-api/callcenter/public/v3/badge/count", source: https://static-basket-02.wbbasket.ru/vol20/root-monorepo/latest/vendor.442a8d40ff9a20ca.js (1)
[0909/151751.853:INFO:CONSOLE:1] "(fetch-api): body params: undefined", source: https://static-basket-02.wbbasket.ru/vol20/root-monorepo/latest/vendor.442a8d40ff9a20ca.js (1)
[0909/151751.853:INFO:CONSOLE:1] "console.groupEnd", source: https://static-basket-02.wbbasket.ru/vol20/root-monorepo/latest/vendor.442a8d40ff9a20ca.js (1)
[0909/151751.853:INFO:CONSOLE:1] "no translateFunction is provided and it is not straight output", source: https://static-basket-02.wbbasket.ru/vol20/root-monorepo/latest/vendor.442a8d40ff9a20ca.js (1)
[0909/151751.853:INFO:CONSOLE:1] "fetchUnreadAppealsCountWorkerSaga get an error TypeError: Cannot read properties of undefined (reading 'croCount')", source: https://static-basket-02.wbbasket.ru/vol20/root-monorepo/latest/839.92ae1fbd12a166e5.js (1)
[0909/151751.924:INFO:CONSOLE:1] "[Analytics: additional parameters getter performance]: 0.1220703125 ms", source: https://static-basket-02.wbbasket.ru/vol20/root-monorepo/latest/vendor.442a8d40ff9a20ca.js (1)
[0909/151751.924:INFO:CONSOLE:1] "[Analytics: additional parameters getter called times]: 7", source: https://static-basket-02.wbbasket.ru/vol20/root-monorepo/latest/vendor.442a8d40ff9a20ca.js (1)
[0909/151751.935:INFO:CONSOLE:1] "[Analytics: additional parameters getter performance]: 0.118896484375 ms", source: https://static-basket-02.wbbasket.ru/vol20/root-monorepo/latest/vendor.442a8d40ff9a20ca.js (1)
[0909/151751.935:INFO:CONSOLE:1] "[Analytics: additional parameters getter called times]: 8", source: https://static-basket-02.wbbasket.ru/vol20/root-monorepo/latest/vendor.442a8d40ff9a20ca.js (1)
[0909/151751.941:INFO:CONSOLE:1] "[Analytics: additional parameters getter performance]: 0.135009765625 ms", source: https://static-basket-02.wbbasket.ru/vol20/root-monorepo/latest/vendor.442a8d40ff9a20ca.js (1)
[0909/151751.941:INFO:CONSOLE:1] "[Analytics: additional parameters getter called times]: 9", source: https://static-basket-02.wbbasket.ru/vol20/root-monorepo/latest/vendor.442a8d40ff9a20ca.js (1)
[0909/151751.942:INFO:CONSOLE:0] "Access to fetch at 'https://marketplace.wildberries.ru/ns/marketplace-app/marketplace-remote-wh/api/v3/portal/suppliers/statistics?isDBS=false' from origin 'https://seller.wildberries.ru' has been blocked by CORS policy: Request header field accept is not allowed by Access-Control-Allow-Headers in preflight response.", source: https://seller.wildberries.ru/ (0)
[0909/151751.942:INFO:CONSOLE:1] "(fetch-api): get error in the request https://marketplace.wildberries.ru/ns/marketplace-app/marketplace-remote-wh/api/v3/portal/suppliers/statistics", source: https://static-basket-02.wbbasket.ru/vol20/root-monorepo/latest/vendor.442a8d40ff9a20ca.js (1)
[0909/151751.942:INFO:CONSOLE:1] "Show error data", source: https://static-basket-02.wbbasket.ru/vol20/root-monorepo/latest/vendor.442a8d40ff9a20ca.js (1)
[0909/151751.942:INFO:CONSOLE:1] "(fetch-api): message: network-error", source: https://static-basket-02.wbbasket.ru/vol20/root-monorepo/latest/vendor.442a8d40ff9a20ca.js (1)
[0909/151751.942:INFO:CONSOLE:1] "(fetch-api): endpoint: https://marketplace.wildberries.ru/ns/marketplace-app/marketplace-remote-wh/api/v3/portal/suppliers/statistics", source: https://static-basket-02.wbbasket.ru/vol20/root-monorepo/latest/vendor.442a8d40ff9a20ca.js (1)
[0909/151751.942:INFO:CONSOLE:1] "(fetch-api): body params: undefined", source: https://static-basket-02.wbbasket.ru/vol20/root-monorepo/latest/vendor.442a8d40ff9a20ca.js (1)
[0909/151751.942:INFO:CONSOLE:1] "console.groupEnd", source: https://static-basket-02.wbbasket.ru/vol20/root-monorepo/latest/vendor.442a8d40ff9a20ca.js (1)
[0909/151751.943:INFO:CONSOLE:1] "%cRequest Cache Info 120235393-3dfdcc1b-79d9-4926-bb3f-1a570b09488a-{"endpoint":"https://marketplace.wildberries.ru/ns/marketplace-app/marketplace-remote-wh/api/v3/portal/suppliers/statistics","isDBS":false} color: blue;padding:3px;", source: https://static-basket-02.wbbasket.ru/vol20/root-monorepo/latest/vendor.442a8d40ff9a20ca.js (1)
[0909/151751.943:INFO:CONSOLE:1] "%cCache Params: {"strategy":"NetworkFirst","disabledCache":false,"api-expires":1762593471838,"timestamp":1757409471838,"storageCacheName":"home-page-v2__v3.96.0__requests-cache","requestCacheKey":"120235393-3dfdcc1b-79d9-4926-bb3f-1a570b09488a-{\"endpoint\":\"https://marketplace.wildberries.ru/ns/marketplace-app/marketplace-remote-wh/api/v3/portal/suppliers/statistics\",\"isDBS\":false}"} color: blue;padding:3px;", source: https://static-basket-02.wbbasket.ru/vol20/root-monorepo/latest/vendor.442a8d40ff9a20ca.js (1)
[0909/151751.943:INFO:CONSOLE:1] "%cCache is matched: false color: black;background:orange;padding:3px;", source: https://static-basket-02.wbbasket.ru/vol20/root-monorepo/latest/vendor.442a8d40ff9a20ca.js (1)
[0909/151751.943:INFO:CONSOLE:1] "%cCache is not updated: response with error: {"error":true,"errorText":"Ошибка соединения","data":{},"additionalErrors":null,"code":500,"headers":{}} color: white;background:red;padding:3px;", source: https://static-basket-02.wbbasket.ru/vol20/root-monorepo/latest/vendor.442a8d40ff9a20ca.js (1)
[0909/151751.943:INFO:CONSOLE:1] "console.groupEnd", source: https://static-basket-02.wbbasket.ru/vol20/root-monorepo/latest/vendor.442a8d40ff9a20ca.js (1)
[0909/151751.943:INFO:CONSOLE:7] "error in initLoadManagerWorkerSaga at section 0 Ошибка соединения", source: https://static-basket-02.wbbasket.ru/vol20/root-monorepo/latest/vendor.442a8d40ff9a20ca.js (7)
[0909/151751.945:INFO:CONSOLE:1] "[Analytics: additional parameters getter performance]: 0.096923828125 ms", source: https://static-basket-02.wbbasket.ru/vol20/root-monorepo/latest/vendor.442a8d40ff9a20ca.js (1)
[0909/151751.945:INFO:CONSOLE:1] "[Analytics: additional parameters getter called times]: 10", source: https://static-basket-02.wbbasket.ru/vol20/root-monorepo/latest/vendor.442a8d40ff9a20ca.js (1)
[0909/151751.950:INFO:CONSOLE:1] "%cRequest Cache Info get-abac-features-request-3dfdcc1b-79d9-4926-bb3f-1a570b09488a-120235393-wb-eu-main-page color: blue;padding:3px;", source: https://static-basket-02.wbbasket.ru/vol20/root-monorepo/latest/vendor.442a8d40ff9a20ca.js (1)
[0909/151751.950:INFO:CONSOLE:1] "%cCache Params: {"strategy":"NetworkFirst","disabledCache":false,"api-expires":1762593471737,"timestamp":1757409471737,"storageCacheName":"root__v1.55.1__requests-cache","requestCacheKey":"get-abac-features-request-3dfdcc1b-79d9-4926-bb3f-1a570b09488a-120235393-wb-eu-main-page"} color: blue;padding:3px;", source: https://static-basket-02.wbbasket.ru/vol20/root-monorepo/latest/vendor.442a8d40ff9a20ca.js (1)
[0909/151751.950:INFO:CONSOLE:1] "%cCache is matched: true color: green;padding:3px;", source: https://static-basket-02.wbbasket.ru/vol20/root-monorepo/latest/vendor.442a8d40ff9a20ca.js (1)
[0909/151751.951:INFO:CONSOLE:1] "%cCache is updated color: green;padding:3px;", source: https://static-basket-02.wbbasket.ru/vol20/root-monorepo/latest/vendor.442a8d40ff9a20ca.js (1)
[0909/151751.951:INFO:CONSOLE:1] "console.groupEnd", source: https://static-basket-02.wbbasket.ru/vol20/root-monorepo/latest/vendor.442a8d40ff9a20ca.js (1)
[0909/151751.997:INFO:CONSOLE:0] "Access to fetch at 'https://marketplace-sentry.wb.ru/api/179/envelope/?sentry_version=7&sentry_key=18515e8b34beec54d6f2056f8f242feb' from origin 'https://seller.wildberries.ru' has been blocked by CORS policy: Request header field cache-control is not allowed by Access-Control-Allow-Headers in preflight response.", source: https://seller.wildberries.ru/ (0)
[0909/151752.005:INFO:CONSOLE:1] "%cRequest Cache Info 120235393-3dfdcc1b-79d9-4926-bb3f-1a570b09488a-{"endpoint":"/ns/orders/suppliers-home-page/v1/orders/getStat","days":7,"timeZone":3} color: blue;padding:3px;", source: https://static-basket-02.wbbasket.ru/vol20/root-monorepo/latest/vendor.442a8d40ff9a20ca.js (1)
[0909/151752.005:INFO:CONSOLE:1] "%cCache Params: {"strategy":"NetworkFirst","disabledCache":false,"api-expires":1762593471839,"timestamp":1757409471839,"storageCacheName":"home-page-v2__v3.96.0__requests-cache","requestCacheKey":"120235393-3dfdcc1b-79d9-4926-bb3f-1a570b09488a-{\"endpoint\":\"/ns/orders/suppliers-home-page/v1/orders/getStat\",\"days\":7,\"timeZone\":3}"} color: blue;padding:3px;", source: https://static-basket-02.wbbasket.ru/vol20/root-monorepo/latest/vendor.442a8d40ff9a20ca.js (1)
[0909/151752.005:INFO:CONSOLE:1] "%cCache is matched: true color: green;padding:3px;", source: https://static-basket-02.wbbasket.ru/vol20/root-monorepo/latest/vendor.442a8d40ff9a20ca.js (1)
[0909/151752.005:INFO:CONSOLE:1] "%cCache is updated color: green;padding:3px;", source: https://static-basket-02.wbbasket.ru/vol20/root-monorepo/latest/vendor.442a8d40ff9a20ca.js (1)
[0909/151752.005:INFO:CONSOLE:1] "console.groupEnd", source: https://static-basket-02.wbbasket.ru/vol20/root-monorepo/latest/vendor.442a8d40ff9a20ca.js (1)
[0909/151752.010:INFO:CONSOLE:1] "[Analytics: additional parameters getter performance]: 0.10205078125 ms", source: https://static-basket-02.wbbasket.ru/vol20/root-monorepo/latest/vendor.442a8d40ff9a20ca.js (1)
[0909/151752.011:INFO:CONSOLE:1] "[Analytics: additional parameters getter called times]: 11", source: https://static-basket-02.wbbasket.ru/vol20/root-monorepo/latest/vendor.442a8d40ff9a20ca.js (1)
[0909/151752.039:INFO:CONSOLE:1] "%cRequest Cache Info 120235393-3dfdcc1b-79d9-4926-bb3f-1a570b09488a-{"endpoint":"/ns/feedback/suppliers-home-page/v1/feedback/getTop","limit":3} color: blue;padding:3px;", source: https://static-basket-02.wbbasket.ru/vol20/root-monorepo/latest/vendor.442a8d40ff9a20ca.js (1)
[0909/151752.039:INFO:CONSOLE:1] "%cCache Params: {"strategy":"NetworkFirst","disabledCache":false,"api-expires":1762593471839,"timestamp":1757409471839,"storageCacheName":"home-page-v2__v3.96.0__requests-cache","requestCacheKey":"120235393-3dfdcc1b-79d9-4926-bb3f-1a570b09488a-{\"endpoint\":\"/ns/feedback/suppliers-home-page/v1/feedback/getTop\",\"limit\":3}"} color: blue;padding:3px;", source: https://static-basket-02.wbbasket.ru/vol20/root-monorepo/latest/vendor.442a8d40ff9a20ca.js (1)
[0909/151752.039:INFO:CONSOLE:1] "%cCache is matched: true color: green;padding:3px;", source: https://static-basket-02.wbbasket.ru/vol20/root-monorepo/latest/vendor.442a8d40ff9a20ca.js (1)
[0909/151752.039:INFO:CONSOLE:1] "%cCache is updated color: green;padding:3px;", source: https://static-basket-02.wbbasket.ru/vol20/root-monorepo/latest/vendor.442a8d40ff9a20ca.js (1)
[0909/151752.039:INFO:CONSOLE:1] "console.groupEnd", source: https://static-basket-02.wbbasket.ru/vol20/root-monorepo/latest/vendor.442a8d40ff9a20ca.js (1)
[0909/151752.058:INFO:CONSOLE:1] "%cRequest Cache Info 120235393-3dfdcc1b-79d9-4926-bb3f-1a570b09488a-{"endpoint":"/ns/feedback/suppliers-home-page/v1/feedback/getTop"} color: blue;padding:3px;", source: https://static-basket-02.wbbasket.ru/vol20/root-monorepo/latest/vendor.442a8d40ff9a20ca.js (1)
[0909/151752.058:INFO:CONSOLE:1] "%cCache Params: {"strategy":"NetworkFirst","disabledCache":false,"api-expires":1762593471839,"timestamp":1757409471839,"storageCacheName":"home-page-v2__v3.96.0__requests-cache","requestCacheKey":"120235393-3dfdcc1b-79d9-4926-bb3f-1a570b09488a-{\"endpoint\":\"/ns/feedback/suppliers-home-page/v1/feedback/getTop\"}"} color: blue;padding:3px;", source: https://static-basket-02.wbbasket.ru/vol20/root-monorepo/latest/vendor.442a8d40ff9a20ca.js (1)
[0909/151752.058:INFO:CONSOLE:1] "%cCache is matched: true color: green;padding:3px;", source: https://static-basket-02.wbbasket.ru/vol20/root-monorepo/latest/vendor.442a8d40ff9a20ca.js (1)
[0909/151752.058:INFO:CONSOLE:1] "%cCache is updated color: green;padding:3px;", source: https://static-basket-02.wbbasket.ru/vol20/root-monorepo/latest/vendor.442a8d40ff9a20ca.js (1)
[0909/151752.058:INFO:CONSOLE:1] "console.groupEnd", source: https://static-basket-02.wbbasket.ru/vol20/root-monorepo/latest/vendor.442a8d40ff9a20ca.js (1)
[0909/151752.060:INFO:CONSOLE:1] "[Analytics: additional parameters getter performance]: 0.117919921875 ms", source: https://static-basket-02.wbbasket.ru/vol20/root-monorepo/latest/vendor.442a8d40ff9a20ca.js (1)
[0909/151752.060:INFO:CONSOLE:1] "[Analytics: additional parameters getter called times]: 12", source: https://static-basket-02.wbbasket.ru/vol20/root-monorepo/latest/vendor.442a8d40ff9a20ca.js (1)
[0909/151752.061:INFO:CONSOLE:1] "%cRequest Cache Info 120235393-3dfdcc1b-79d9-4926-bb3f-1a570b09488a-{"endpoint":"/ns/questions/suppliers-home-page/v1/question/getTop"} color: blue;padding:3px;", source: https://static-basket-02.wbbasket.ru/vol20/root-monorepo/latest/vendor.442a8d40ff9a20ca.js (1)
[0909/151752.061:INFO:CONSOLE:1] "%cCache Params: {"strategy":"NetworkFirst","disabledCache":false,"api-expires":1762593471839,"timestamp":1757409471839,"storageCacheName":"home-page-v2__v3.96.0__requests-cache","requestCacheKey":"120235393-3dfdcc1b-79d9-4926-bb3f-1a570b09488a-{\"endpoint\":\"/ns/questions/suppliers-home-page/v1/question/getTop\"}"} color: blue;padding:3px;", source: https://static-basket-02.wbbasket.ru/vol20/root-monorepo/latest/vendor.442a8d40ff9a20ca.js (1)
[0909/151752.061:INFO:CONSOLE:1] "%cCache is matched: true color: green;padding:3px;", source: https://static-basket-02.wbbasket.ru/vol20/root-monorepo/latest/vendor.442a8d40ff9a20ca.js (1)
[0909/151752.061:INFO:CONSOLE:1] "%cCache is updated color: green;padding:3px;", source: https://static-basket-02.wbbasket.ru/vol20/root-monorepo/latest/vendor.442a8d40ff9a20ca.js (1)
[0909/151752.061:INFO:CONSOLE:1] "console.groupEnd", source: https://static-basket-02.wbbasket.ru/vol20/root-monorepo/latest/vendor.442a8d40ff9a20ca.js (1)
[0909/151752.061:INFO:CONSOLE:1] "%cRequest Cache Info 120235393-3dfdcc1b-79d9-4926-bb3f-1a570b09488a-{"endpoint":"/ns/questions/suppliers-home-page/v1/question/getTop","limit":3} color: blue;padding:3px;", source: https://static-basket-02.wbbasket.ru/vol20/root-monorepo/latest/vendor.442a8d40ff9a20ca.js (1)
[0909/151752.061:INFO:CONSOLE:1] "%cCache Params: {"strategy":"NetworkFirst","disabledCache":false,"api-expires":1762593471839,"timestamp":1757409471839,"storageCacheName":"home-page-v2__v3.96.0__requests-cache","requestCacheKey":"120235393-3dfdcc1b-79d9-4926-bb3f-1a570b09488a-{\"endpoint\":\"/ns/questions/suppliers-home-page/v1/question/getTop\",\"limit\":3}"} color: blue;padding:3px;", source: https://static-basket-02.wbbasket.ru/vol20/root-monorepo/latest/vendor.442a8d40ff9a20ca.js (1)
[0909/151752.061:INFO:CONSOLE:1] "%cCache is matched: true color: green;padding:3px;", source: https://static-basket-02.wbbasket.ru/vol20/root-monorepo/latest/vendor.442a8d40ff9a20ca.js (1)
[0909/151752.061:INFO:CONSOLE:1] "%cCache is updated color: green;padding:3px;", source: https://static-basket-02.wbbasket.ru/vol20/root-monorepo/latest/vendor.442a8d40ff9a20ca.js (1)
[0909/151752.061:INFO:CONSOLE:1] "console.groupEnd", source: https://static-basket-02.wbbasket.ru/vol20/root-monorepo/latest/vendor.442a8d40ff9a20ca.js (1)
[0909/151752.064:INFO:CONSOLE:1] "[Analytics: additional parameters getter performance]: 0.091064453125 ms", source: https://static-basket-02.wbbasket.ru/vol20/root-monorepo/latest/vendor.442a8d40ff9a20ca.js (1)
[0909/151752.064:INFO:CONSOLE:1] "[Analytics: additional parameters getter called times]: 13", source: https://static-basket-02.wbbasket.ru/vol20/root-monorepo/latest/vendor.442a8d40ff9a20ca.js (1)
[0909/151752.065:INFO:CONSOLE:1] "%cRequest Cache Info 120235393-3dfdcc1b-79d9-4926-bb3f-1a570b09488a-{"endpoint":"/ns/analytics-api/content-analytics/api/v1/main-page-info/sales-funnel"} color: blue;padding:3px;", source: https://static-basket-02.wbbasket.ru/vol20/root-monorepo/latest/vendor.442a8d40ff9a20ca.js (1)
[0909/151752.065:INFO:CONSOLE:1] "%cCache Params: {"strategy":"NetworkFirst","disabledCache":false,"api-expires":1762593471839,"timestamp":1757409471839,"storageCacheName":"home-page-v2__v3.96.0__requests-cache","requestCacheKey":"120235393-3dfdcc1b-79d9-4926-bb3f-1a570b09488a-{\"endpoint\":\"/ns/analytics-api/content-analytics/api/v1/main-page-info/sales-funnel\"}"} color: blue;padding:3px;", source: https://static-basket-02.wbbasket.ru/vol20/root-monorepo/latest/vendor.442a8d40ff9a20ca.js (1)
[0909/151752.065:INFO:CONSOLE:1] "%cCache is matched: true color: green;padding:3px;", source: https://static-basket-02.wbbasket.ru/vol20/root-monorepo/latest/vendor.442a8d40ff9a20ca.js (1)
[0909/151752.065:INFO:CONSOLE:1] "%cCache is updated color: green;padding:3px;", source: https://static-basket-02.wbbasket.ru/vol20/root-monorepo/latest/vendor.442a8d40ff9a20ca.js (1)
[0909/151752.065:INFO:CONSOLE:1] "console.groupEnd", source: https://static-basket-02.wbbasket.ru/vol20/root-monorepo/latest/vendor.442a8d40ff9a20ca.js (1)
[0909/151752.075:INFO:CONSOLE:1] "[Analytics: additional parameters getter performance]: 0.114990234375 ms", source: https://static-basket-02.wbbasket.ru/vol20/root-monorepo/latest/vendor.442a8d40ff9a20ca.js (1)
[0909/151752.075:INFO:CONSOLE:1] "[Analytics: additional parameters getter called times]: 14", source: https://static-basket-02.wbbasket.ru/vol20/root-monorepo/latest/vendor.442a8d40ff9a20ca.js (1)
[0909/151752.184:INFO:CONSOLE:1] "%cRequest Cache Info 120235393-3dfdcc1b-79d9-4926-bb3f-1a570b09488a-{"endpoint":"/ns/analytics-api/content-analytics/api/v1/main-page-info/localization"} color: blue;padding:3px;", source: https://static-basket-02.wbbasket.ru/vol20/root-monorepo/latest/vendor.442a8d40ff9a20ca.js (1)
[0909/151752.184:INFO:CONSOLE:1] "%cCache Params: {"strategy":"NetworkFirst","disabledCache":false,"api-expires":1762593472067,"timestamp":1757409472067,"storageCacheName":"home-page-v2__v3.96.0__requests-cache","requestCacheKey":"120235393-3dfdcc1b-79d9-4926-bb3f-1a570b09488a-{\"endpoint\":\"/ns/analytics-api/content-analytics/api/v1/main-page-info/localization\"}"} color: blue;padding:3px;", source: https://static-basket-02.wbbasket.ru/vol20/root-monorepo/latest/vendor.442a8d40ff9a20ca.js (1)
[0909/151752.184:INFO:CONSOLE:1] "%cCache is matched: true color: green;padding:3px;", source: https://static-basket-02.wbbasket.ru/vol20/root-monorepo/latest/vendor.442a8d40ff9a20ca.js (1)
[0909/151752.184:INFO:CONSOLE:1] "%cCache is updated color: green;padding:3px;", source: https://static-basket-02.wbbasket.ru/vol20/root-monorepo/latest/vendor.442a8d40ff9a20ca.js (1)
[0909/151752.184:INFO:CONSOLE:1] "console.groupEnd", source: https://static-basket-02.wbbasket.ru/vol20/root-monorepo/latest/vendor.442a8d40ff9a20ca.js (1)
[0909/151752.247:INFO:CONSOLE:0] "Access to fetch at 'https://seller-loans.wildberries.ru/portal/v1/main/widget' from origin 'https://seller.wildberries.ru' has been blocked by CORS policy: Request header field accept is not allowed by Access-Control-Allow-Headers in preflight response.", source: https://seller.wildberries.ru/ (0)
[0909/151752.248:INFO:CONSOLE:1] "(fetch-api): get error in the request https://seller-loans.wildberries.ru/portal/v1/main/widget", source: https://static-basket-02.wbbasket.ru/vol20/root-monorepo/latest/vendor.442a8d40ff9a20ca.js (1)
[0909/151752.248:INFO:CONSOLE:1] "Show error data", source: https://static-basket-02.wbbasket.ru/vol20/root-monorepo/latest/vendor.442a8d40ff9a20ca.js (1)
[0909/151752.248:INFO:CONSOLE:1] "(fetch-api): message: network-error", source: https://static-basket-02.wbbasket.ru/vol20/root-monorepo/latest/vendor.442a8d40ff9a20ca.js (1)
[0909/151752.248:INFO:CONSOLE:1] "(fetch-api): endpoint: https://seller-loans.wildberries.ru/portal/v1/main/widget", source: https://static-basket-02.wbbasket.ru/vol20/root-monorepo/latest/vendor.442a8d40ff9a20ca.js (1)
[0909/151752.248:INFO:CONSOLE:1] "(fetch-api): body params: undefined", source: https://static-basket-02.wbbasket.ru/vol20/root-monorepo/latest/vendor.442a8d40ff9a20ca.js (1)
[0909/151752.248:INFO:CONSOLE:1] "console.groupEnd", source: https://static-basket-02.wbbasket.ru/vol20/root-monorepo/latest/vendor.442a8d40ff9a20ca.js (1)
[0909/151752.248:INFO:CONSOLE:7] "error in initLoadManagerWorkerSaga at section 0 Ошибка соединения", source: https://static-basket-02.wbbasket.ru/vol20/root-monorepo/latest/vendor.442a8d40ff9a20ca.js (7)
[0909/151752.343:INFO:CONSOLE:1] "%cRequest Cache Info 120235393-3dfdcc1b-79d9-4926-bb3f-1a570b09488a-{"endpoint":"/ns/monetization/suppliers-home-page/v1/monetization/getActivatedTariffOptions"} color: blue;padding:3px;", source: https://static-basket-02.wbbasket.ru/vol20/root-monorepo/latest/vendor.442a8d40ff9a20ca.js (1)
[0909/151752.343:INFO:CONSOLE:1] "%cCache Params: {"strategy":"NetworkFirst","disabledCache":false,"api-expires":1762593471838,"timestamp":1757409471838,"storageCacheName":"home-page-v2__v3.96.0__requests-cache","requestCacheKey":"120235393-3dfdcc1b-79d9-4926-bb3f-1a570b09488a-{\"endpoint\":\"/ns/monetization/suppliers-home-page/v1/monetization/getActivatedTariffOptions\"}"} color: blue;padding:3px;", source: https://static-basket-02.wbbasket.ru/vol20/root-monorepo/latest/vendor.442a8d40ff9a20ca.js (1)
[0909/151752.343:INFO:CONSOLE:1] "%cCache is matched: false color: black;background:orange;padding:3px;", source: https://static-basket-02.wbbasket.ru/vol20/root-monorepo/latest/vendor.442a8d40ff9a20ca.js (1)
[0909/151752.343:INFO:CONSOLE:1] "%cCache is not updated: response with error: {"errorText":"Вы не авторизованы","error":true,"data":{},"additionalErrors":{"msg":"you are not authorized","cause":"checkAccess: feature 'menuTariffConstructor' access denied"},"code":200,"headers":{"access-control-allow-credentials":"true","access-control-allow-headers":"DNT,Keep-Alive,User-Agent,X-Requested-With,If-Modified-Since,Cache-Control,Content-Type,Range,Authorization,AuthorizeV3,Root-Version,Wb-Seller-Lk","access-control-allow-methods":"PUT, GET, POST, OPTIONS, PATCH, DELETE","access-control-allow-origin":"https://seller.wildberries.ru","access-control-max-age":"1728000","content-length":"294","content-type":"application/json","date":"Tue, 09 Sep 2025 09:17:52 GMT","server":"nginx","status-no-id":"lsb-supp-m1-4c-15-37.xc","strict-transport-security":"max-age=31536000; includeSubDomains, max-age=31536000; preload;","x-content-type-options":"nosniff","x-envoy-upstream-service-time":"38","x-request-id":"a50c7cd4795b0dfb6467555046aec02b"}} color: white;background:red;padding:3px;", source: https://static-basket-02.wbbasket.ru/vol20/root-monorepo/latest/vendor.442a8d40ff9a20ca.js (1)
[0909/151752.343:INFO:CONSOLE:1] "console.groupEnd", source: https://static-basket-02.wbbasket.ru/vol20/root-monorepo/latest/vendor.442a8d40ff9a20ca.js (1)
[0909/151752.343:INFO:CONSOLE:7] "error in initLoadManagerWorkerSaga at section 0 Вы не авторизованы", source: https://static-basket-02.wbbasket.ru/vol20/root-monorepo/latest/vendor.442a8d40ff9a20ca.js (7)
[0909/151752.400:INFO:CONSOLE:0] "Access to fetch at 'https://seller-communications.wildberries.ru/ns/news-api/communications/api/v1/news/widget' from origin 'https://seller.wildberries.ru' has been blocked by CORS policy: Request header field accept is not allowed by Access-Control-Allow-Headers in preflight response.", source: https://seller.wildberries.ru/ (0)
[0909/151752.400:INFO:CONSOLE:1] "(fetch-api): get error in the request https://seller-communications.wildberries.ru/ns/news-api/communications/api/v1/news/widget", source: https://static-basket-02.wbbasket.ru/vol20/root-monorepo/latest/vendor.442a8d40ff9a20ca.js (1)
[0909/151752.400:INFO:CONSOLE:1] "Show error data", source: https://static-basket-02.wbbasket.ru/vol20/root-monorepo/latest/vendor.442a8d40ff9a20ca.js (1)
[0909/151752.400:INFO:CONSOLE:1] "(fetch-api): message: network-error", source: https://static-basket-02.wbbasket.ru/vol20/root-monorepo/latest/vendor.442a8d40ff9a20ca.js (1)
[0909/151752.400:INFO:CONSOLE:1] "(fetch-api): endpoint: https://seller-communications.wildberries.ru/ns/news-api/communications/api/v1/news/widget", source: https://static-basket-02.wbbasket.ru/vol20/root-monorepo/latest/vendor.442a8d40ff9a20ca.js (1)
[0909/151752.400:INFO:CONSOLE:1] "(fetch-api): body params: undefined", source: https://static-basket-02.wbbasket.ru/vol20/root-monorepo/latest/vendor.442a8d40ff9a20ca.js (1)
[0909/151752.400:INFO:CONSOLE:1] "console.groupEnd", source: https://static-basket-02.wbbasket.ru/vol20/root-monorepo/latest/vendor.442a8d40ff9a20ca.js (1)
[0909/151752.401:INFO:CONSOLE:1] "%cRequest Cache Info 120235393-3dfdcc1b-79d9-4926-bb3f-1a570b09488a-{"endpoint":"https://seller-communications.wildberries.ru/ns/news-api/communications/api/v1/news/widget"} color: blue;padding:3px;", source: https://static-basket-02.wbbasket.ru/vol20/root-monorepo/latest/vendor.442a8d40ff9a20ca.js (1)
[0909/151752.401:INFO:CONSOLE:1] "%cCache Params: {"strategy":"NetworkFirst","disabledCache":false,"api-expires":1762593472261,"timestamp":1757409472261,"storageCacheName":"home-page-v2__v3.96.0__requests-cache","requestCacheKey":"120235393-3dfdcc1b-79d9-4926-bb3f-1a570b09488a-{\"endpoint\":\"https://seller-communications.wildberries.ru/ns/news-api/communications/api/v1/news/widget\"}"} color: blue;padding:3px;", source: https://static-basket-02.wbbasket.ru/vol20/root-monorepo/latest/vendor.442a8d40ff9a20ca.js (1)
[0909/151752.401:INFO:CONSOLE:1] "%cCache is matched: false color: black;background:orange;padding:3px;", source: https://static-basket-02.wbbasket.ru/vol20/root-monorepo/latest/vendor.442a8d40ff9a20ca.js (1)
[0909/151752.401:INFO:CONSOLE:1] "%cCache is not updated: response with error: {"error":true,"errorText":"Ошибка соединения","data":{},"additionalErrors":null,"code":500,"headers":{}} color: white;background:red;padding:3px;", source: https://static-basket-02.wbbasket.ru/vol20/root-monorepo/latest/vendor.442a8d40ff9a20ca.js (1)
[0909/151752.401:INFO:CONSOLE:1] "console.groupEnd", source: https://static-basket-02.wbbasket.ru/vol20/root-monorepo/latest/vendor.442a8d40ff9a20ca.js (1)
[0909/151752.401:INFO:CONSOLE:7] "error in initLoadManagerWorkerSaga at section 0 Ошибка соединения", source: https://static-basket-02.wbbasket.ru/vol20/root-monorepo/latest/vendor.442a8d40ff9a20ca.js (7)
[0909/151752.403:INFO:CONSOLE:1] "[Analytics: additional parameters getter performance]: 0.0830078125 ms", source: https://static-basket-02.wbbasket.ru/vol20/root-monorepo/latest/vendor.442a8d40ff9a20ca.js (1)
[0909/151752.403:INFO:CONSOLE:1] "[Analytics: additional parameters getter called times]: 15", source: https://static-basket-02.wbbasket.ru/vol20/root-monorepo/latest/vendor.442a8d40ff9a20ca.js (1)
[0909/151752.507:INFO:CONSOLE:0] "Access to fetch at 'https://seller-communications.wildberries.ru/ns/notifications/suppliers-portal-eu/notifications/getNotificationsAmount' from origin 'https://seller.wildberries.ru' has been blocked by CORS policy: Request header field accept is not allowed by Access-Control-Allow-Headers in preflight response.", source: https://seller.wildberries.ru/ (0)
[0909/151752.507:INFO:CONSOLE:1] "(fetch-api): get error in the request https://seller-communications.wildberries.ru/ns/notifications/suppliers-portal-eu/notifications/getNotificationsAmount", source: https://static-basket-02.wbbasket.ru/vol20/root-monorepo/latest/vendor.442a8d40ff9a20ca.js (1)
[0909/151752.507:INFO:CONSOLE:1] "Show error data", source: https://static-basket-02.wbbasket.ru/vol20/root-monorepo/latest/vendor.442a8d40ff9a20ca.js (1)
[0909/151752.507:INFO:CONSOLE:1] "(fetch-api): message: Failed to fetch", source: https://static-basket-02.wbbasket.ru/vol20/root-monorepo/latest/vendor.442a8d40ff9a20ca.js (1)
[0909/151752.508:INFO:CONSOLE:1] "(fetch-api): endpoint: https://seller-communications.wildberries.ru/ns/notifications/suppliers-portal-eu/notifications/getNotificationsAmount", source: https://static-basket-02.wbbasket.ru/vol20/root-monorepo/latest/vendor.442a8d40ff9a20ca.js (1)
[0909/151752.508:INFO:CONSOLE:1] "(fetch-api): body params: {"params":{"received":false,"supplierID":"3dfdcc1b-79d9-4926-bb3f-1a570b09488a"},"jsonrpc":"2.0","id":"json-rpc_72"}", source: https://static-basket-02.wbbasket.ru/vol20/root-monorepo/latest/vendor.442a8d40ff9a20ca.js (1)
[0909/151752.508:INFO:CONSOLE:1] "console.groupEnd", source: https://static-basket-02.wbbasket.ru/vol20/root-monorepo/latest/vendor.442a8d40ff9a20ca.js (1)
[0909/151752.605:INFO:CONSOLE:0] "Access to fetch at 'https://chat.wildberries.ru/api/sellers-chat-1/v1/seller/unread' from origin 'https://seller.wildberries.ru' has been blocked by CORS policy: Request header field accept is not allowed by Access-Control-Allow-Headers in preflight response.", source: https://seller.wildberries.ru/ (0)
[0909/151752.605:INFO:CONSOLE:1] "(fetch-api): get error in the request https://chat.wildberries.ru/api/sellers-chat-1/v1/seller/unread", source: https://static-basket-02.wbbasket.ru/vol20/root-monorepo/latest/vendor.442a8d40ff9a20ca.js (1)
[0909/151752.605:INFO:CONSOLE:1] "Show error data", source: https://static-basket-02.wbbasket.ru/vol20/root-monorepo/latest/vendor.442a8d40ff9a20ca.js (1)
[0909/151752.605:INFO:CONSOLE:1] "(fetch-api): message: Failed to fetch", source: https://static-basket-02.wbbasket.ru/vol20/root-monorepo/latest/vendor.442a8d40ff9a20ca.js (1)
[0909/151752.605:INFO:CONSOLE:1] "(fetch-api): endpoint: https://chat.wildberries.ru/api/sellers-chat-1/v1/seller/unread", source: https://static-basket-02.wbbasket.ru/vol20/root-monorepo/latest/vendor.442a8d40ff9a20ca.js (1)
[0909/151752.605:INFO:CONSOLE:1] "(fetch-api): body params: undefined", source: https://static-basket-02.wbbasket.ru/vol20/root-monorepo/latest/vendor.442a8d40ff9a20ca.js (1)
[0909/151752.605:INFO:CONSOLE:1] "console.groupEnd", source: https://static-basket-02.wbbasket.ru/vol20/root-monorepo/latest/vendor.442a8d40ff9a20ca.js (1)
[0909/151752.606:INFO:CONSOLE:1] "[Analytics: additional parameters getter performance]: 0.088134765625 ms", source: https://static-basket-02.wbbasket.ru/vol20/root-monorepo/latest/vendor.442a8d40ff9a20ca.js (1)
[0909/151752.606:INFO:CONSOLE:1] "[Analytics: additional parameters getter called times]: 16", source: https://static-basket-02.wbbasket.ru/vol20/root-monorepo/latest/vendor.442a8d40ff9a20ca.js (1)
[0909/151754.091:ERROR:content\public\browser\web_contents_delegate.cc:300] WebContentsDelegate::CheckMediaAccessPermission: Not supported.
[0909/151754.091:ERROR:content\public\browser\web_contents_delegate.cc:300] WebContentsDelegate::CheckMediaAccessPermission: Not supported.
[0909/151755.645:INFO:CONSOLE:0] "Access to XMLHttpRequest at 'https://seller-services.wildberries.ru/sec/api/fl?u=b5d2d550-f02a-11ee-84a1-b22d46000000&cfidsw-wb=vebcEA4N5EPOSbrKkFBYtF8saUGwA7iNMnBVVqus%2B2LVTGVv0VE4av3OsMqrbqL3LBfhcN3Ji%2BIJhfG9FGocml9EDbT1HqExk09vhIGH4YNWCCuG1GaY8sIiAyrAz6XECW3Ps3ulZdp14aAAArSpks%2BdwXxaEi9Do1bdNA%3D%3D' from origin 'https://seller.wildberries.ru' has been blocked by CORS policy: Request header field accept is not allowed by Access-Control-Allow-Headers in preflight response.", source: https://seller.wildberries.ru/ (0)
[0909/151758.098:ERROR:content\public\browser\web_contents_delegate.cc:300] WebContentsDelegate::CheckMediaAccessPermission: Not supported.
[0909/151758.098:ERROR:content\public\browser\web_contents_delegate.cc:300] WebContentsDelegate::CheckMediaAccessPermission: Not supported.
[0909/151759.768:INFO:CONSOLE:0] "Access to XMLHttpRequest at 'https://seller-services.wildberries.ru/sec/api/fl?u=b5d2d550-f02a-11ee-84a1-b22d46000000&cfidsw-wb=vebcEA4N5EPOSbrKkFBYtF8saUGwA7iNMnBVVqus%2B2LVTGVv0VE4av3OsMqrbqL3LBfhcN3Ji%2BIJhfG9FGocml9EDbT1HqExk09vhIGH4YNWCCuG1GaY8sIiAyrAz6XECW3Ps3ulZdp14aAAArSpks%2BdwXxaEi9Do1bdNA%3D%3D' from origin 'https://seller.wildberries.ru' has been blocked by CORS policy: Request header field accept is not allowed by Access-Control-Allow-Headers in preflight response.", source: https://seller.wildberries.ru/ (0)
[0909/151802.100:ERROR:content\public\browser\web_contents_delegate.cc:300] WebContentsDelegate::CheckMediaAccessPermission: Not supported.
[0909/151802.100:ERROR:content\public\browser\web_contents_delegate.cc:300] WebContentsDelegate::CheckMediaAccessPermission: Not supported.
[0909/151802.272:INFO:CONSOLE:1] "[Analytics: additional parameters getter performance]: 0.095947265625 ms", source: https://static-basket-02.wbbasket.ru/vol20/root-monorepo/latest/vendor.442a8d40ff9a20ca.js (1)
[0909/151802.272:INFO:CONSOLE:1] "[Analytics: additional parameters getter called times]: 17", source: https://static-basket-02.wbbasket.ru/vol20/root-monorepo/latest/vendor.442a8d40ff9a20ca.js (1)
[0909/151803.944:INFO:CONSOLE:0] "Access to XMLHttpRequest at 'https://seller-services.wildberries.ru/sec/api/fl?u=b5d2d550-f02a-11ee-84a1-b22d46000000&cfidsw-wb=vebcEA4N5EPOSbrKkFBYtF8saUGwA7iNMnBVVqus%2B2LVTGVv0VE4av3OsMqrbqL3LBfhcN3Ji%2BIJhfG9FGocml9EDbT1HqExk09vhIGH4YNWCCuG1GaY8sIiAyrAz6XECW3Ps3ulZdp14aAAArSpks%2BdwXxaEi9Do1bdNA%3D%3D' from origin 'https://seller.wildberries.ru' has been blocked by CORS policy: Request header field accept is not allowed by Access-Control-Allow-Headers in preflight response.", source: https://seller.wildberries.ru/ (0)
[0909/151806.102:ERROR:content\public\browser\web_contents_delegate.cc:300] WebContentsDelegate::CheckMediaAccessPermission: Not supported.
[0909/151806.102:ERROR:content\public\browser\web_contents_delegate.cc:300] WebContentsDelegate::CheckMediaAccessPermission: Not supported.
[0909/151808.084:INFO:CONSOLE:0] "Access to XMLHttpRequest at 'https://seller-services.wildberries.ru/sec/api/fl?u=b5d2d550-f02a-11ee-84a1-b22d46000000&cfidsw-wb=vebcEA4N5EPOSbrKkFBYtF8saUGwA7iNMnBVVqus%2B2LVTGVv0VE4av3OsMqrbqL3LBfhcN3Ji%2BIJhfG9FGocml9EDbT1HqExk09vhIGH4YNWCCuG1GaY8sIiAyrAz6XECW3Ps3ulZdp14aAAArSpks%2BdwXxaEi9Do1bdNA%3D%3D' from origin 'https://seller.wildberries.ru' has been blocked by CORS policy: Request header field accept is not allowed by Access-Control-Allow-Headers in preflight response.", source: https://seller.wildberries.ru/ (0)
[0909/151812.256:INFO:CONSOLE:1] "[Analytics: additional parameters getter performance]: 0.114013671875 ms", source: https://static-basket-02.wbbasket.ru/vol20/root-monorepo/latest/vendor.442a8d40ff9a20ca.js (1)
[0909/151812.257:INFO:CONSOLE:1] "[Analytics: additional parameters getter called times]: 18", source: https://static-basket-02.wbbasket.ru/vol20/root-monorepo/latest/vendor.442a8d40ff9a20ca.js (1)
[0909/151831.792:INFO:CONSOLE:1] "QUIZ:trigger:dispatchCustomEvent:quiz-events-open-modal [object Object]", source: https://static-basket-02.wbbasket.ru/vol20/root-monorepo/latest/vendor.442a8d40ff9a20ca.js (1)
[0909/151849.598:INFO:CONSOLE:1] "no translateFunction is provided and it is not straight output", source: https://static-basket-02.wbbasket.ru/vol20/root-monorepo/latest/vendor.442a8d40ff9a20ca.js (1)
[0909/151851.736:INFO:CONSOLE:1] "no translateFunction is provided and it is not straight output", source: https://static-basket-02.wbbasket.ru/vol20/root-monorepo/latest/vendor.442a8d40ff9a20ca.js (1)
[0909/151851.841:INFO:CONSOLE:1] "no translateFunction is provided and it is not straight output", source: https://static-basket-02.wbbasket.ru/vol20/root-monorepo/latest/vendor.442a8d40ff9a20ca.js (1)
[0909/151852.068:INFO:CONSOLE:1] "no translateFunction is provided and it is not straight output", source: https://static-basket-02.wbbasket.ru/vol20/root-monorepo/latest/vendor.442a8d40ff9a20ca.js (1)
